d:\github\otros proyectos\tpv2-practicanaves\tpv2\x64\debug\vc143.pdb
d:\github\otros proyectos\tpv2-practicanaves\tpv2\x64\debug\vc143.idb
d:\github\otros proyectos\tpv2-practicanaves\tpv2\x64\debug\texture.obj
d:\github\otros proyectos\tpv2-practicanaves\tpv2\x64\debug\soundeffect.obj
d:\github\otros proyectos\tpv2-practicanaves\tpv2\x64\debug\sdlutils_demo.obj
d:\github\otros proyectos\tpv2-practicanaves\tpv2\x64\debug\sdlutils.obj
d:\github\otros proyectos\tpv2-practicanaves\tpv2\x64\debug\json_demo.obj
d:\github\otros proyectos\tpv2-practicanaves\tpv2\x64\debug\jsonvalue.obj
d:\github\otros proyectos\tpv2-practicanaves\tpv2\x64\debug\json.obj
d:\github\otros proyectos\tpv2-practicanaves\tpv2\x64\debug\showatoppositeside.obj
d:\github\otros proyectos\tpv2-practicanaves\tpv2\x64\debug\image.obj
d:\github\otros proyectos\tpv2-practicanaves\tpv2\x64\debug\health.obj
d:\github\otros proyectos\tpv2-practicanaves\tpv2\x64\debug\gun.obj
d:\github\otros proyectos\tpv2-practicanaves\tpv2\x64\debug\transform.obj
d:\github\otros proyectos\tpv2-practicanaves\tpv2\x64\debug\vector2d.obj
d:\github\otros proyectos\tpv2-practicanaves\tpv2\x64\debug\collisions.obj
d:\github\otros proyectos\tpv2-practicanaves\tpv2\x64\debug\system.obj
d:\github\otros proyectos\tpv2-practicanaves\tpv2\x64\debug\gamestatemachine.obj
d:\github\otros proyectos\tpv2-practicanaves\tpv2\x64\debug\gamestate.obj
d:\github\otros proyectos\tpv2-practicanaves\tpv2\x64\debug\main.obj
d:\github\otros proyectos\tpv2-practicanaves\tpv2\x64\debug\game.obj
d:\github\otros proyectos\tpv2-practicanaves\tpv2\x64\debug\manager.obj
d:\github\otros proyectos\tpv2-practicanaves\tpv2\x64\debug\fighterctrl.obj
d:\github\otros proyectos\tpv2-practicanaves\tpv2\x64\debug\deacceleration.obj
d:\github\otros proyectos\tpv2-practicanaves\tpv2\x64\debug\pausestate.obj
d:\github\otros proyectos\tpv2-practicanaves\tpv2\x64\debug\gameoverstate.obj
d:\github\otros proyectos\tpv2-practicanaves\tpv2\x64\debug\ecs.obj
d:\github\otros proyectos\tpv2-practicanaves\tpv2\x64\debug\rendersystem.obj
d:\github\otros proyectos\tpv2-practicanaves\tpv2\x64\debug\gamectrlsystem.obj
d:\github\otros proyectos\tpv2-practicanaves\tpv2\x64\debug\collisionssystem.obj
d:\github\otros proyectos\tpv2-practicanaves\tpv2\x64\debug\asteroidssystem.obj
d:\github\otros proyectos\tpv2-practicanaves\tpv2\x64\debug\fightersystem.obj
d:\github\otros proyectos\tpv2-practicanaves\tpv2\x64\debug\bulletsystem.obj
d:\github\otros proyectos\tpv2-practicanaves\bin\tpv2debug.lib
d:\github\otros proyectos\tpv2-practicanaves\bin\tpv2debug.exp
d:\github\otros proyectos\tpv2-practicanaves\bin\tpv2debug.exe
d:\github\otros proyectos\tpv2-practicanaves\tpv2\x64\debug\tpv2debug.ilk
d:\github\otros proyectos\tpv2-practicanaves\bin\tpv2debug.pdb
d:\github\otros proyectos\tpv2-practicanaves\tpv2\x64\debug\tpv2.tlog\cl.command.1.tlog
d:\github\otros proyectos\tpv2-practicanaves\tpv2\x64\debug\tpv2.tlog\cl.read.1.tlog
d:\github\otros proyectos\tpv2-practicanaves\tpv2\x64\debug\tpv2.tlog\cl.write.1.tlog
d:\github\otros proyectos\tpv2-practicanaves\tpv2\x64\debug\tpv2.tlog\link.command.1.tlog
d:\github\otros proyectos\tpv2-practicanaves\tpv2\x64\debug\tpv2.tlog\link.read.1.tlog
d:\github\otros proyectos\tpv2-practicanaves\tpv2\x64\debug\tpv2.tlog\link.write.1.tlog
d:\github\otros proyectos\tpv2-practicanaves\tpv2\x64\debug\tpv2.tlog\link.write.2u.tlog
