C:\Program Files\Microsoft Visual Studio\2022\Community\MSBuild\Microsoft\VC\v170\Microsoft.CppBuild.targets(503,5): warning MSB8004: El directorio Output no termina con una barra diagonal final. Esta instancia de compilación agregará la barra diagonal porque es necesaria para que se pueda evaluar correctamente el directorio Output.
  NetworkSystem.cpp
C:\Users\sofsa\OneDrive\Escritorio\Trabajos de Sofía\Segundo de carrera\Informática Gráfica\Practica 1\TPV2-PracticaNaves\enunciado\Practica 3\TPV2\TPV2\src\systems\NetworkSystem.cpp(210,7): warning C4101: 'nameToSend': variable local sin referencia
C:\Users\sofsa\OneDrive\Escritorio\Trabajos de Sofía\Segundo de carrera\Informática Gráfica\Practica 1\TPV2-PracticaNaves\enunciado\Practica 3\TPV2\TPV2\src\sdlutils\SDLNetUtils.h(476,16): warning C4244: '=': conversión de '__int64' a 'int'; posible pérdida de datos
C:\Users\sofsa\OneDrive\Escritorio\Trabajos de Sofía\Segundo de carrera\Informática Gráfica\Practica 1\TPV2-PracticaNaves\enunciado\Practica 3\TPV2\TPV2\src\systems\NetworkSystem.cpp(111,42): message : Vea la referencia a la creación de una instancia de la función plantilla "int SDLNetUtils::serializedSend<net::Message>(T &,UDPpacket *,UDPsocket)" que se está compilando
          with
          [
              T=net::Message
          ]
  Game.cpp
  BulletsSystem.cpp
C:\Users\sofsa\OneDrive\Escritorio\Trabajos de Sofía\Segundo de carrera\Informática Gráfica\Practica 1\TPV2-PracticaNaves\enunciado\Practica 3\TPV2\TPV2\src\systems\BulletsSystem.cpp(83,28): warning C4244: 'argumento': conversión de 'double' a 'float'; posible pérdida de datos
C:\Users\sofsa\OneDrive\Escritorio\Trabajos de Sofía\Segundo de carrera\Informática Gráfica\Practica 1\TPV2-PracticaNaves\enunciado\Practica 3\TPV2\TPV2\src\sdlutils\SDLUtils.h(50,32): warning C4101: 'e': variable local sin referencia
C:\Users\sofsa\OneDrive\Escritorio\Trabajos de Sofía\Segundo de carrera\Informática Gráfica\Practica 1\TPV2-PracticaNaves\enunciado\Practica 3\TPV2\TPV2\src\sdlutils\SDLUtils.h(47,1): message : al compilar la función del miembro clase plantilla "Texture &SDLUtils::map_access_wrapper<Texture>::at(std::string)"
C:\Users\sofsa\OneDrive\Escritorio\Trabajos de Sofía\Segundo de carrera\Informática Gráfica\Practica 1\TPV2-PracticaNaves\enunciado\Practica 3\TPV2\TPV2\src\sdlutils\SDLUtils.h(192,30): message : Vea la referencia a la creación de una instancia de clase plantilla "SDLUtils::map_access_wrapper<Texture>" que se está compilando
  FightersSystem.cpp
C:\Users\sofsa\OneDrive\Escritorio\Trabajos de Sofía\Segundo de carrera\Informática Gráfica\Practica 1\TPV2-PracticaNaves\enunciado\Practica 3\TPV2\TPV2\src\sdlutils\SDLUtils.h(50,32): warning C4101: 'e': variable local sin referencia
C:\Users\sofsa\OneDrive\Escritorio\Trabajos de Sofía\Segundo de carrera\Informática Gráfica\Practica 1\TPV2-PracticaNaves\enunciado\Practica 3\TPV2\TPV2\src\sdlutils\SDLUtils.h(47,1): message : al compilar la función del miembro clase plantilla "Texture &SDLUtils::map_access_wrapper<Texture>::at(std::string)"
C:\Users\sofsa\OneDrive\Escritorio\Trabajos de Sofía\Segundo de carrera\Informática Gráfica\Practica 1\TPV2-PracticaNaves\enunciado\Practica 3\TPV2\TPV2\src\sdlutils\SDLUtils.h(192,30): message : Vea la referencia a la creación de una instancia de clase plantilla "SDLUtils::map_access_wrapper<Texture>" que se está compilando
C:\Users\sofsa\OneDrive\Escritorio\Trabajos de Sofía\Segundo de carrera\Informática Gráfica\Practica 1\TPV2-PracticaNaves\enunciado\Practica 3\TPV2\TPV2\src\systems\FightersSystem.cpp(131,33): warning C4244: 'argumento': conversión de 'int' a 'float'; posible pérdida de datos
C:\Users\sofsa\OneDrive\Escritorio\Trabajos de Sofía\Segundo de carrera\Informática Gráfica\Practica 1\TPV2-PracticaNaves\enunciado\Practica 3\TPV2\TPV2\src\systems\FightersSystem.cpp(138,34): warning C4244: 'argumento': conversión de 'int' a 'float'; posible pérdida de datos
  GameCtrlSystem.cpp
  RenderSystem.cpp
C:\Users\sofsa\OneDrive\Escritorio\Trabajos de Sofía\Segundo de carrera\Informática Gráfica\Practica 1\TPV2-PracticaNaves\enunciado\Practica 3\TPV2\TPV2\src\sdlutils\SDLUtils.h(50,32): warning C4101: 'e': variable local sin referencia
C:\Users\sofsa\OneDrive\Escritorio\Trabajos de Sofía\Segundo de carrera\Informática Gráfica\Practica 1\TPV2-PracticaNaves\enunciado\Practica 3\TPV2\TPV2\src\sdlutils\SDLUtils.h(47,1): message : al compilar la función del miembro clase plantilla "Texture &SDLUtils::map_access_wrapper<Texture>::at(std::string)"
C:\Users\sofsa\OneDrive\Escritorio\Trabajos de Sofía\Segundo de carrera\Informática Gráfica\Practica 1\TPV2-PracticaNaves\enunciado\Practica 3\TPV2\TPV2\src\sdlutils\SDLUtils.h(192,30): message : Vea la referencia a la creación de una instancia de clase plantilla "SDLUtils::map_access_wrapper<Texture>" que se está compilando
C:\Users\sofsa\OneDrive\Escritorio\Trabajos de Sofía\Segundo de carrera\Informática Gráfica\Practica 1\TPV2-PracticaNaves\enunciado\Practica 3\TPV2\TPV2\src\systems\RenderSystem.cpp(142,18): warning C4244: 'argumento': conversión de 'int' a 'float'; posible pérdida de datos
C:\Users\sofsa\OneDrive\Escritorio\Trabajos de Sofía\Segundo de carrera\Informática Gráfica\Practica 1\TPV2-PracticaNaves\enunciado\Practica 3\TPV2\TPV2\src\systems\RenderSystem.cpp(141,53): warning C4244: 'argumento': conversión de 'int' a 'float'; posible pérdida de datos
C:\Users\sofsa\OneDrive\Escritorio\Trabajos de Sofía\Segundo de carrera\Informática Gráfica\Practica 1\TPV2-PracticaNaves\enunciado\Practica 3\TPV2\TPV2\src\systems\RenderSystem.cpp(141,12): warning C4244: 'argumento': conversión de 'double' a 'float'; posible pérdida de datos
C:\Users\sofsa\OneDrive\Escritorio\Trabajos de Sofía\Segundo de carrera\Informática Gráfica\Practica 1\TPV2-PracticaNaves\enunciado\Practica 3\TPV2\TPV2\src\systems\RenderSystem.cpp(178,13): warning C4244: 'argumento': conversión de 'float' a 'int'; posible pérdida de datos
C:\Users\sofsa\OneDrive\Escritorio\Trabajos de Sofía\Segundo de carrera\Informática Gráfica\Practica 1\TPV2-PracticaNaves\enunciado\Practica 3\TPV2\TPV2\src\systems\RenderSystem.cpp(177,71): warning C4244: 'argumento': conversión de 'float' a 'int'; posible pérdida de datos
C:\Users\sofsa\OneDrive\Escritorio\Trabajos de Sofía\Segundo de carrera\Informática Gráfica\Practica 1\TPV2-PracticaNaves\enunciado\Practica 3\TPV2\TPV2\src\systems\RenderSystem.cpp(177,56): warning C4244: 'argumento': conversión de 'float' a 'int'; posible pérdida de datos
C:\Users\sofsa\OneDrive\Escritorio\Trabajos de Sofía\Segundo de carrera\Informática Gráfica\Practica 1\TPV2-PracticaNaves\enunciado\Practica 3\TPV2\TPV2\src\systems\RenderSystem.cpp(177,41): warning C4244: 'argumento': conversión de 'float' a 'int'; posible pérdida de datos
C:\Users\sofsa\OneDrive\Escritorio\Trabajos de Sofía\Segundo de carrera\Informática Gráfica\Practica 1\TPV2-PracticaNaves\enunciado\Practica 3\TPV2\TPV2\src\systems\RenderSystem.cpp(180,13): warning C4244: 'argumento': conversión de 'float' a 'int'; posible pérdida de datos
C:\Users\sofsa\OneDrive\Escritorio\Trabajos de Sofía\Segundo de carrera\Informática Gráfica\Practica 1\TPV2-PracticaNaves\enunciado\Practica 3\TPV2\TPV2\src\systems\RenderSystem.cpp(179,71): warning C4244: 'argumento': conversión de 'float' a 'int'; posible pérdida de datos
C:\Users\sofsa\OneDrive\Escritorio\Trabajos de Sofía\Segundo de carrera\Informática Gráfica\Practica 1\TPV2-PracticaNaves\enunciado\Practica 3\TPV2\TPV2\src\systems\RenderSystem.cpp(179,56): warning C4244: 'argumento': conversión de 'float' a 'int'; posible pérdida de datos
C:\Users\sofsa\OneDrive\Escritorio\Trabajos de Sofía\Segundo de carrera\Informática Gráfica\Practica 1\TPV2-PracticaNaves\enunciado\Practica 3\TPV2\TPV2\src\systems\RenderSystem.cpp(179,41): warning C4244: 'argumento': conversión de 'float' a 'int'; posible pérdida de datos
C:\Users\sofsa\OneDrive\Escritorio\Trabajos de Sofía\Segundo de carrera\Informática Gráfica\Practica 1\TPV2-PracticaNaves\enunciado\Practica 3\TPV2\TPV2\src\systems\RenderSystem.cpp(182,13): warning C4244: 'argumento': conversión de 'float' a 'int'; posible pérdida de datos
C:\Users\sofsa\OneDrive\Escritorio\Trabajos de Sofía\Segundo de carrera\Informática Gráfica\Practica 1\TPV2-PracticaNaves\enunciado\Practica 3\TPV2\TPV2\src\systems\RenderSystem.cpp(181,71): warning C4244: 'argumento': conversión de 'float' a 'int'; posible pérdida de datos
C:\Users\sofsa\OneDrive\Escritorio\Trabajos de Sofía\Segundo de carrera\Informática Gráfica\Practica 1\TPV2-PracticaNaves\enunciado\Practica 3\TPV2\TPV2\src\systems\RenderSystem.cpp(181,56): warning C4244: 'argumento': conversión de 'float' a 'int'; posible pérdida de datos
C:\Users\sofsa\OneDrive\Escritorio\Trabajos de Sofía\Segundo de carrera\Informática Gráfica\Practica 1\TPV2-PracticaNaves\enunciado\Practica 3\TPV2\TPV2\src\systems\RenderSystem.cpp(181,41): warning C4244: 'argumento': conversión de 'float' a 'int'; posible pérdida de datos
C:\Users\sofsa\OneDrive\Escritorio\Trabajos de Sofía\Segundo de carrera\Informática Gráfica\Practica 1\TPV2-PracticaNaves\enunciado\Practica 3\TPV2\TPV2\src\systems\RenderSystem.cpp(184,13): warning C4244: 'argumento': conversión de 'float' a 'int'; posible pérdida de datos
C:\Users\sofsa\OneDrive\Escritorio\Trabajos de Sofía\Segundo de carrera\Informática Gráfica\Practica 1\TPV2-PracticaNaves\enunciado\Practica 3\TPV2\TPV2\src\systems\RenderSystem.cpp(183,71): warning C4244: 'argumento': conversión de 'float' a 'int'; posible pérdida de datos
C:\Users\sofsa\OneDrive\Escritorio\Trabajos de Sofía\Segundo de carrera\Informática Gráfica\Practica 1\TPV2-PracticaNaves\enunciado\Practica 3\TPV2\TPV2\src\systems\RenderSystem.cpp(183,56): warning C4244: 'argumento': conversión de 'float' a 'int'; posible pérdida de datos
C:\Users\sofsa\OneDrive\Escritorio\Trabajos de Sofía\Segundo de carrera\Informática Gráfica\Practica 1\TPV2-PracticaNaves\enunciado\Practica 3\TPV2\TPV2\src\systems\RenderSystem.cpp(183,41): warning C4244: 'argumento': conversión de 'float' a 'int'; posible pérdida de datos
C:\Users\sofsa\OneDrive\Escritorio\Trabajos de Sofía\Segundo de carrera\Informática Gráfica\Practica 1\TPV2-PracticaNaves\enunciado\Practica 3\TPV2\TPV2\src\systems\RenderSystem.cpp(209,63): warning C4305: 'argumento': truncamiento de '__int64' a 'unsigned long'
C:\Users\sofsa\OneDrive\Escritorio\Trabajos de Sofía\Segundo de carrera\Informática Gráfica\Practica 1\TPV2-PracticaNaves\enunciado\Practica 3\TPV2\TPV2\src\systems\RenderSystem.cpp(209,52): warning C4309: 'argumento': truncamiento de valor constante
  Generando código...
  TPV2.vcxproj -> C:\Users\sofsa\OneDrive\Escritorio\Trabajos de Sofía\Segundo de carrera\Informática Gráfica\Practica 1\TPV2-PracticaNaves\enunciado\Practica 3\TPV2\bin\TPV2Debug.exe
